<?xml version="1.0" encoding="UTF-8"?>
<!-- Generated by org.testng.reporters.JUnitReportReporter -->
<testsuite hostname="UnoSimples-Mac-mini-2.local" failures="0" tests="2" name="com.aerosimple.testcases.LoginPageTest" time="21.529" errors="0" timestamp="2020-03-18T18:27:14 IST" skipped="0">
  <testcase classname="com.aerosimple.testcases.LoginPageTest" name="loginPageTitleTest" time="8.546"/>
  <system-out/>
  <testcase classname="com.aerosimple.testcases.LoginPageTest" name="LoginTest" time="12.983"/>
  <system-out/>
</testsuite> <!-- com.aerosimple.testcases.LoginPageTest -->
